test
test
test
test
test
Starting SBS
[2018-03-23 15:52:01,827] INFO : Starting SBS
[2018-03-23 15:53:13,456] INFO in run: Starting SBS
[2018-03-23 15:53:44,388] DEBUG in run: Starting SBS
[2018-03-23 15:55:59,378] DEBUG in run: Starting SBS
[2018-03-23 16:19:44,521] INFO in run: [users] existing in database, it will be cleaned up....
[2018-03-23 16:19:44,533] INFO in run: Done!
[2018-03-23 16:19:46,759] INFO in run: [users] existing in database, it will be cleaned up....
[2018-03-23 16:19:46,764] INFO in run: Done!
[2018-03-23 16:20:07,452] INFO in run: Done!
[2018-03-23 16:20:27,167] INFO in run: [users] existing in database, it will be cleaned up....
[2018-03-23 16:20:27,171] INFO in run: Done!
[2018-03-23 16:21:56,308] INFO in run: [users] existing in database, it will be cleaned up....
[2018-03-23 16:21:56,313] INFO in run: Done!
[2018-03-23 16:25:50,471] INFO in run: [users] existing in database, it will be cleaned up....
[2018-03-23 16:25:50,477] INFO in run: Insterting default admin account. 
[2018-03-23 16:25:50,478] INFO in run: Done!
[2018-03-23 17:05:09,186] INFO in db: Connected to database
[2018-03-23 17:05:56,117] INFO in db: Connected to database
[2018-03-23 17:06:25,199] INFO in db: Connected to database
[2018-03-28 10:53:49,822] INFO in run: [users] existing in database, it will be cleaned up....
[2018-03-28 10:55:30,087] INFO in run: [users] existing in database, it will be cleaned up....
[2018-04-02 14:22:56,368] DEBUG in run: Starting SBS
[2018-04-02 14:22:56,653] DEBUG in run: Starting SBS
[2018-04-02 14:23:35,017] DEBUG in run: Starting SBS
[2018-04-02 14:23:35,300] DEBUG in run: Starting SBS
[2018-04-02 15:30:14,246] DEBUG in run: Starting SBS
[2018-04-02 15:30:14,529] DEBUG in run: Starting SBS
[2018-04-02 16:44:05,470] DEBUG in run: Starting SBS
[2018-04-02 16:44:05,889] DEBUG in run: Starting SBS
[2018-04-02 16:49:13,797] DEBUG in run: Starting SBS
[2018-04-02 16:54:23,770] DEBUG in run: Starting SBS
[2018-04-02 16:54:25,819] DEBUG in run: Starting SBS
[2018-04-02 16:54:28,802] DEBUG in run: Starting SBS
[2018-04-02 16:54:50,902] DEBUG in run: Starting SBS
[2018-04-02 16:56:32,160] DEBUG in run: Starting SBS
[2018-04-02 16:56:37,223] DEBUG in run: Starting SBS
[2018-04-02 16:57:20,036] DEBUG in run: Starting SBS
[2018-04-02 16:57:43,755] DEBUG in run: Starting SBS
[2018-04-02 17:00:59,067] DEBUG in run: Starting SBS
[2018-04-02 17:01:20,306] DEBUG in run: Starting SBS
[2018-04-02 17:01:44,546] DEBUG in run: Starting SBS
[2018-04-02 17:02:08,386] DEBUG in run: Starting SBS
[2018-04-02 17:03:22,060] DEBUG in run: Starting SBS
[2018-04-02 17:03:22,441] DEBUG in run: Starting SBS
[2018-04-02 17:03:31,550] DEBUG in run: Starting SBS
[2018-04-02 17:04:30,965] DEBUG in run: Starting SBS
[2018-04-02 17:05:48,929] DEBUG in run: Starting SBS
[2018-04-02 17:06:05,033] DEBUG in run: Starting SBS
[2018-04-02 17:06:25,273] DEBUG in run: Starting SBS
[2018-04-02 17:14:42,838] DEBUG in run: Starting SBS
[2018-04-02 17:14:45,849] DEBUG in run: Starting SBS
[2018-04-02 17:15:30,590] DEBUG in run: Starting SBS
[2018-04-02 17:15:32,698] DEBUG in run: Starting SBS
[2018-04-02 17:15:57,389] DEBUG in run: Starting SBS
[2018-04-02 17:18:02,810] DEBUG in run: Starting SBS
[2018-04-02 17:19:11,683] DEBUG in run: Starting SBS
[2018-04-02 17:19:12,077] DEBUG in run: Starting SBS
[2018-04-02 17:19:29,252] DEBUG in run: Starting SBS
[2018-04-02 17:21:53,349] DEBUG in run: Starting SBS
[2018-04-02 17:22:48,472] DEBUG in run: Starting SBS
[2018-04-02 17:22:48,847] DEBUG in run: Starting SBS
[2018-04-02 17:29:31,456] DEBUG in Auth: sss
[2018-04-02 18:25:36,349] DEBUG in db: Logging failed with username '_test'
[2018-04-02 18:26:01,736] DEBUG in db: Logging failed with username '_test'
[2018-04-02 18:26:51,325] DEBUG in db: Logging failed with username '_test'
[2018-04-02 18:28:49,277] DEBUG in db: Logging failed with username '_test'
[2018-04-02 18:29:18,960] DEBUG in db: Logging failed with username '_test'
[2018-04-02 18:30:38,347] DEBUG in db: Logging failed with username '_test'
[2018-04-02 18:34:42,311] DEBUG in db: Logging failed with username '_test'
[2018-04-02 18:34:46,336] DEBUG in db: Logging failed with username '_test'
[2018-04-02 18:34:54,984] DEBUG in db: Logging failed with username '_test'
[2018-04-02 18:35:02,201] DEBUG in db: Logging failed with username '_test'
[2018-04-02 18:36:43,484] DEBUG in db: Logging failed with username '_test'
[2018-04-02 18:36:51,643] DEBUG in db: Logging failed with username '_test'
[2018-04-02 18:37:24,755] DEBUG in db: Logging failed with username '_test'
[2018-04-02 18:37:57,073] DEBUG in db: Logging failed with username '_test'
[2018-04-02 18:38:05,170] DEBUG in db: Logging failed with username '_test'
[2018-04-02 18:38:21,223] DEBUG in db: Logging failed with username '_test'
[2018-04-02 19:00:32,814] DEBUG in db: [<User: User object>]
[2018-04-02 19:00:51,164] DEBUG in db: User object
[2018-04-02 19:01:13,687] DEBUG in db: _test
[2018-04-02 19:01:52,813] DEBUG in db: _test
[2018-04-02 19:02:33,292] DEBUG in db: _test
[2018-04-02 19:03:23,106] DEBUG in db: Logging failed with username '_test'
[2018-04-02 19:03:29,989] DEBUG in db: _test
[2018-04-02 19:06:59,476] DEBUG in db: Logging failed with username '_test'
[2018-04-02 19:08:00,547] DEBUG in db: Logging failed with username '_test'
[2018-04-02 19:09:42,158] DEBUG in db: Logging failed with username '_test'
[2018-04-02 19:16:14,762] DEBUG in db: Logging failed with username '_test'
[2018-04-02 19:16:18,963] DEBUG in db: Logging failed with username '_test'
[2018-04-02 19:16:39,408] DEBUG in db: Logging failed with username '_test'
[2018-04-02 19:17:29,323] DEBUG in db: Logging failed with username '_test'
[2018-04-02 19:17:37,932] DEBUG in db: Logging failed with username '_test'
[2018-04-02 19:17:58,424] DEBUG in db: Logging failed with username '_test'
[2018-04-02 19:18:14,387] DEBUG in db: Logging failed with username '_test'
[2018-04-02 19:18:25,271] DEBUG in db: Logging failed with username '_test'
[2018-04-02 19:18:31,572] DEBUG in db: Logging failed with username '_test'
[2018-04-02 19:18:37,693] DEBUG in db: Logging failed with username '_test'
[2018-04-02 19:18:53,831] DEBUG in db: Logging failed with username '_test'
[2018-04-02 19:21:02,350] DEBUG in db: Logging failed with username '_test'
[2018-04-02 19:21:53,289] DEBUG in db: Logging failed with username '_test,password'
[2018-04-02 19:22:25,950] DEBUG in db: Logging failed with username '_test,password'
[2018-04-02 19:22:53,084] DEBUG in db: Logging failed with username '_test,password'
[2018-04-02 19:26:40,746] DEBUG in db: Logging failed with username '_test,password'
[2018-04-02 19:26:59,589] DEBUG in db: Logging failed with username '_test,password'
[2018-04-02 19:27:12,855] DEBUG in db: Logging failed with username '_test,password'
[2018-04-02 19:27:50,335] DEBUG in db: Logging failed with username '_test,password'
[2018-04-02 20:00:31,967] DEBUG in db: Logging failed with username '_test,password'
[2018-04-02 20:26:55,691] DEBUG in db: Logging failed with username '_test,password'
[2018-04-02 20:26:59,142] DEBUG in db: Logging failed with username '_test,password'
[2018-04-02 20:29:22,137] DEBUG in db: Logging failed with username '_test,password'
[2018-04-02 20:29:26,195] DEBUG in db: Logging failed with username '_test,password'
[2018-04-02 20:32:21,340] DEBUG in db: Logging failed with username '_test,password'
[2018-04-02 20:32:37,841] DEBUG in db: Logging failed with username '_test,password'
[2018-04-02 20:34:59,179] DEBUG in db: Logging failed with username '_test,password'
[2018-04-02 20:48:47,865] DEBUG in db: Logging failed with username '_test,password'
[2018-04-02 20:49:23,749] DEBUG in db: Logging failed with username '_test,password'
[2018-04-02 20:52:50,338] DEBUG in db: Logging failed with username '_test,password'
